<?xml version="1.0" encoding="UTF-8"?>
<testng-results ignored="0" total="3" passed="3" failed="0" skipped="0">
  <reporter-output>
  </reporter-output>
  <suite started-at="2024-04-17T13:01:56 IST" name="Default suite" finished-at="2024-04-17T13:01:56 IST" duration-ms="90">
    <groups>
    </groups>
    <test started-at="2024-04-17T13:01:56 IST" name="Default test" finished-at="2024-04-17T13:01:56 IST" duration-ms="90">
      <class name="Newproject.Test">
        <test-method signature="chrome()[pri:0, instance:Newproject.Test@5fd4f8f5]" started-at="2024-04-17T13:01:56 IST" name="chrome" finished-at="2024-04-17T13:01:56 IST" duration-ms="11" status="PASS">
          <reporter-output>
          </reporter-output>
        </test-method> <!-- chrome -->
        <test-method signature="edge()[pri:0, instance:Newproject.Test@5fd4f8f5]" started-at="2024-04-17T13:01:56 IST" name="edge" finished-at="2024-04-17T13:01:56 IST" duration-ms="2" status="PASS">
          <reporter-output>
          </reporter-output>
        </test-method> <!-- edge -->
        <test-method signature="firefox()[pri:0, instance:Newproject.Test@5fd4f8f5]" started-at="2024-04-17T13:01:56 IST" name="firefox" finished-at="2024-04-17T13:01:56 IST" duration-ms="2" status="PASS">
          <reporter-output>
          </reporter-output>
        </test-method> <!-- firefox -->
      </class> <!-- Newproject.Test -->
    </test> <!-- Default test -->
  </suite> <!-- Default suite -->
</testng-results>
